# JRE version: OpenJDK Runtime Environment Zulu15.29+15-CA (15.0.2+7) (build 15.0.2+7)
# Java VM: OpenJDK 64-Bit Server VM Zulu15.29+15-CA (15.0.2+7, mixed mode, tiered, compressed oops, g1 gc, bsd-aarch64)
GC Precious Log:
 CPUs: 8 total, 8 available
 Memory: 8192M
 Large Page Support: Disabled
 NUMA Support: Disabled
 Compressed Oops: Enabled (Zero based)
 Heap Region Size: 1M
 Heap Min Capacity: 8M
 Heap Initial Capacity: 128M
 Heap Max Capacity: 2G
 Pre-touch: Disabled
 Parallel Workers: 8
 Concurrent Workers: 2
 Concurrent Refinement Workers: 8
 Periodic GC: Disabled
Heap:
 garbage-first heap   total 43008K, used 20506K [0x0000000740000000, 0x00000007c0000000)
  region size 1024K, 11 young (11264K), 3 survivors (3072K)
 Metaspace       used 26871K, capacity 27454K, committed 27696K, reserved 1075200K
  class space    used 2762K, capacity 2937K, committed 2944K, reserved 1048576K
GC Heap History (20 events):
Event: 0.700 GC heap before
{Heap before GC invocations=0 (full 0):
 garbage-first heap   total 131072K, used 22528K [0x0000000740000000, 0x00000007c0000000)
  region size 1024K, 23 young (23552K), 0 survivors (0K)
 Metaspace       used 13207K, capacity 13452K, committed 13568K, reserved 1060864K
  class space    used 1315K, capacity 1420K, committed 1536K, reserved 1048576K
}
Event: 0.702 GC heap after
{Heap after GC invocations=1 (full 0):
 garbage-first heap   total 131072K, used 3650K [0x0000000740000000, 0x00000007c0000000)
  region size 1024K, 3 young (3072K), 3 survivors (3072K)
 Metaspace       used 13207K, capacity 13452K, committed 13568K, reserved 1060864K
  class space    used 1315K, capacity 1420K, committed 1536K, reserved 1048576K
}
Event: 0.858 GC heap before
{Heap before GC invocations=1 (full 0):
 garbage-first heap   total 131072K, used 34370K [0x0000000740000000, 0x00000007c0000000)
  region size 1024K, 33 young (33792K), 3 survivors (3072K)
 Metaspace       used 16724K, capacity 16994K, committed 17280K, reserved 1064960K
  class space    used 1748K, capacity 1850K, committed 1920K, reserved 1048576K
}
Event: 0.861 GC heap after
{Heap after GC invocations=2 (full 0):
 garbage-first heap   total 131072K, used 4962K [0x0000000740000000, 0x00000007c0000000)
  region size 1024K, 2 young (2048K), 2 survivors (2048K)
 Metaspace       used 16724K, capacity 16994K, committed 17280K, reserved 1064960K
  class space    used 1748K, capacity 1850K, committed 1920K, reserved 1048576K
}
Event: 1.070 GC heap before
{Heap before GC invocations=2 (full 0):
 garbage-first heap   total 131072K, used 30562K [0x0000000740000000, 0x00000007c0000000)
  region size 1024K, 28 young (28672K), 2 survivors (2048K)
 Metaspace       used 20817K, capacity 21106K, committed 21296K, reserved 1069056K
  class space    used 2195K, capacity 2310K, committed 2432K, reserved 1048576K
}
Event: 1.072 GC heap after
{Heap after GC invocations=3 (full 0):
 garbage-first heap   total 131072K, used 7529K [0x0000000740000000, 0x00000007c0000000)
  region size 1024K, 4 young (4096K), 4 survivors (4096K)
 Metaspace       used 20817K, capacity 21106K, committed 21296K, reserved 1069056K
  class space    used 2195K, capacity 2310K, committed 2432K, reserved 1048576K
}
Event: 1.260 GC heap before
{Heap before GC invocations=4 (full 0):
 garbage-first heap   total 30720K, used 30057K [0x0000000740000000, 0x00000007c0000000)
  region size 1024K, 26 young (26624K), 4 survivors (4096K)
 Metaspace       used 21374K, capacity 21734K, committed 22064K, reserved 1069056K
  class space    used 2225K, capacity 2347K, committed 2432K, reserved 1048576K
}
Event: 1.265 GC heap after
{Heap after GC invocations=5 (full 0):
 garbage-first heap   total 35840K, used 8263K [0x0000000740000000, 0x00000007c0000000)
  region size 1024K, 5 young (5120K), 5 survivors (5120K)
 Metaspace       used 21374K, capacity 21734K, committed 22064K, reserved 1069056K
  class space    used 2225K, capacity 2347K, committed 2432K, reserved 1048576K
}
Event: 1.386 GC heap before
{Heap before GC invocations=5 (full 0):
 garbage-first heap   total 35840K, used 24647K [0x0000000740000000, 0x00000007c0000000)
  region size 1024K, 21 young (21504K), 5 survivors (5120K)
 Metaspace       used 21743K, capacity 22153K, committed 22320K, reserved 1069056K
  class space    used 2239K, capacity 2379K, committed 2432K, reserved 1048576K
}
Event: 1.391 GC heap after
{Heap after GC invocations=6 (full 0):
 garbage-first heap   total 35840K, used 8982K [0x0000000740000000, 0x00000007c0000000)
  region size 1024K, 3 young (3072K), 3 survivors (3072K)
 Metaspace       used 21743K, capacity 22153K, committed 22320K, reserved 1069056K
  class space    used 2239K, capacity 2379K, committed 2432K, reserved 1048576K
}
Event: 1.498 GC heap before
{Heap before GC invocations=6 (full 0):
 garbage-first heap   total 35840K, used 25366K [0x0000000740000000, 0x00000007c0000000)
  region size 1024K, 19 young (19456K), 3 survivors (3072K)
 Metaspace       used 22190K, capacity 22657K, committed 22832K, reserved 1069056K
  class space    used 2287K, capacity 2419K, committed 2432K, reserved 1048576K
}
Event: 1.500 GC heap after
{Heap after GC invocations=7 (full 0):
 garbage-first heap   total 35840K, used 9585K [0x0000000740000000, 0x00000007c0000000)
  region size 1024K, 2 young (2048K), 2 survivors (2048K)
 Metaspace       used 22190K, capacity 22657K, committed 22832K, reserved 1069056K
  class space    used 2287K, capacity 2419K, committed 2432K, reserved 1048576K
}
Event: 1.599 GC heap before
{Heap before GC invocations=7 (full 0):
 garbage-first heap   total 35840K, used 25969K [0x0000000740000000, 0x00000007c0000000)
  region size 1024K, 18 young (18432K), 2 survivors (2048K)
 Metaspace       used 22587K, capacity 23012K, committed 23216K, reserved 1071104K
  class space    used 2315K, capacity 2452K, committed 2560K, reserved 1048576K
}
Event: 1.601 GC heap after
{Heap after GC invocations=8 (full 0):
 garbage-first heap   total 43008K, used 10115K [0x0000000740000000, 0x00000007c0000000)
  region size 1024K, 2 young (2048K), 2 survivors (2048K)
 Metaspace       used 22587K, capacity 23012K, committed 23216K, reserved 1071104K
  class space    used 2315K, capacity 2452K, committed 2560K, reserved 1048576K
}
Event: 1.768 GC heap before
{Heap before GC invocations=8 (full 0):
 garbage-first heap   total 43008K, used 31619K [0x0000000740000000, 0x00000007c0000000)
  region size 1024K, 23 young (23552K), 2 survivors (2048K)
 Metaspace       used 23126K, capacity 23700K, committed 23984K, reserved 1071104K
  class space    used 2345K, capacity 2492K, committed 2560K, reserved 1048576K
}
Event: 1.771 GC heap after
{Heap after GC invocations=9 (full 0):
 garbage-first heap   total 43008K, used 10920K [0x0000000740000000, 0x00000007c0000000)
  region size 1024K, 3 young (3072K), 3 survivors (3072K)
 Metaspace       used 23126K, capacity 23700K, committed 23984K, reserved 1071104K
  class space    used 2345K, capacity 2492K, committed 2560K, reserved 1048576K
}
Event: 1.873 GC heap before
{Heap before GC invocations=9 (full 0):
 garbage-first heap   total 43008K, used 31400K [0x0000000740000000, 0x00000007c0000000)
  region size 1024K, 23 young (23552K), 3 survivors (3072K)
 Metaspace       used 23328K, capacity 23829K, committed 23984K, reserved 1071104K
  class space    used 2345K, capacity 2492K, committed 2560K, reserved 1048576K
}
Event: 1.875 GC heap after
{Heap after GC invocations=10 (full 0):
 garbage-first heap   total 43008K, used 11840K [0x0000000740000000, 0x00000007c0000000)
  region size 1024K, 3 young (3072K), 3 survivors (3072K)
 Metaspace       used 23328K, capacity 23829K, committed 23984K, reserved 1071104K
  class space    used 2345K, capacity 2492K, committed 2560K, reserved 1048576K
}
Event: 1.982 GC heap before
{Heap before GC invocations=10 (full 0):
 garbage-first heap   total 43008K, used 32320K [0x0000000740000000, 0x00000007c0000000)
  region size 1024K, 23 young (23552K), 3 survivors (3072K)
 Metaspace       used 24802K, capacity 25444K, committed 25776K, reserved 1073152K
  class space    used 2547K, capacity 2737K, committed 2816K, reserved 1048576K
}
Event: 1.985 GC heap after
{Heap after GC invocations=11 (full 0):
 garbage-first heap   total 43008K, used 13338K [0x0000000740000000, 0x00000007c0000000)
  region size 1024K, 3 young (3072K), 3 survivors (3072K)
 Metaspace       used 24802K, capacity 25444K, committed 25776K, reserved 1073152K
  class space    used 2547K, capacity 2737K, committed 2816K, reserved 1048576K
}

